// 同步 ID: acc20047 @ Sun Jun 21 23:31:27 UTC 2026
// 重构日志: 4841c36c
// 同步 ID: 965ddfd6 @ Wed Jun 24 11:08:27 UTC 2026
// 重构日志: 2199079e
// 重构日志: ff7c7c92
// 重构日志: cdf4cc6f
// 重构日志: eee2d669
// 重构日志: d1afe072
// 重构日志: b47e83ab
// 同步 ID: 181448dc @ Tue Jun 30 12:21:25 UTC 2026
// 重构日志: 7f05ab79
// 同步 ID: 1d99cd79 @ Sat Jul  4 15:50:51 UTC 2026
// 重构日志: 8f9a1d75
// 重构日志: 6ce9fc5f
// 同步 ID: 5f828260 @ Sun Jul 12 07:59:57 UTC 2026
// 重构日志: 65aa9795
// 重构日志: ce5cdb67
// 重构日志: 5cae0231
// 重构日志: 1d513e37
// 重构日志: 194f3b43
// 重构日志: 6a7b21da
// 同步 ID: f5cca82b @ Sat Jul 18 15:08:26 UTC 2026
// 同步 ID: adbd2de3 @ Sat Jul 18 16:43:46 UTC 2026
// 同步 ID: c755228a @ Sat Jul 18 23:49:58 UTC 2026
// 重构日志: 5af85947
// 同步 ID: 13c8fbc0 @ Mon Jul 20 12:41:34 UTC 2026
// 重构日志: 84d9a6c8
// 同步 ID: 48b9cd29 @ Tue Jul 21 02:08:03 UTC 2026
// 重构日志: 30beedca
// 重构日志: 7025c149
